\BOOKMARK [1][-]{section.1}{Introduction}{}% 1
\BOOKMARK [1][-]{section.2}{Getting help}{}% 2
\BOOKMARK [1][-]{section.3}{Basic usage}{}% 3
\BOOKMARK [2][-]{subsection.3.1}{Entering text}{section.3}% 4
\BOOKMARK [2][-]{subsection.3.2}{Moving the cursor}{section.3}% 5
\BOOKMARK [2][-]{subsection.3.3}{Commands}{section.3}% 6
\BOOKMARK [2][-]{subsection.3.4}{User interface}{section.3}% 7
\BOOKMARK [2][-]{subsection.3.5}{Non-breaking space}{section.3}% 8
\BOOKMARK [2][-]{subsection.3.6}{Text buffer size}{section.3}% 9
\BOOKMARK [1][-]{section.4}{Features}{}% 10
\BOOKMARK [2][-]{subsection.4.1}{Tab stops}{section.4}% 11
\BOOKMARK [2][-]{subsection.4.2}{Auto indent}{section.4}% 12
\BOOKMARK [2][-]{subsection.4.3}{Automatic word wrap}{section.4}% 13
\BOOKMARK [2][-]{subsection.4.4}{Cut, copy and paste}{section.4}% 14
\BOOKMARK [2][-]{subsection.4.5}{Search and replace}{section.4}% 15
\BOOKMARK [2][-]{subsection.4.6}{Supported character sets}{section.4}% 16
\BOOKMARK [2][-]{subsection.4.7}{Line break encoding}{section.4}% 17
\BOOKMARK [2][-]{subsection.4.8}{Background and text color}{section.4}% 18
\BOOKMARK [1][-]{section.5}{File handling}{}% 19
\BOOKMARK [1][-]{section.6}{License}{}% 20
